OpenROAD 41a51eaf4ca2171c92ff38afb91eb37bbd3f36da 
This program is licensed under the BSD-3 license. See the LICENSE file for details.
Components of this program may be licensed under more restrictive licenses which must be honored.
[INFO]: Reading ODB at '/openlane/designs/spm/runs/openlane_test/results/cts/spm.odb'…
define_corners Slowest Typical Fastest
read_liberty -corner Slowest /home/vscode/.ciel/sky130A/libs.ref/sky130_fd_sc_hd/lib/sky130_fd_sc_hd__ss_100C_1v60.lib
read_liberty -corner Typical /home/vscode/.ciel/sky130A/libs.ref/sky130_fd_sc_hd/lib/sky130_fd_sc_hd__tt_025C_1v80.lib
read_liberty -corner Fastest /home/vscode/.ciel/sky130A/libs.ref/sky130_fd_sc_hd/lib/sky130_fd_sc_hd__ff_n40C_1v95.lib
Using 1e-12 for capacitance...
Using 1e+03 for resistance...
Using 1e-09 for time...
Using 1e+00 for voltage...
Using 1e-03 for current...
Using 1e-09 for power...
Using 1e-06 for distance...
Reading design constraints file at '/openlane/designs/spm/runs/openlane_test/results/cts/spm.sdc'…
[INFO]: Setting RC values...
[INFO RSZ-0046] Found 42 endpoints with hold violations.
[INFO RSZ-0032] Inserted 53 hold buffers.
Placement Analysis
---------------------------------
total displacement        312.8 u
average displacement        0.5 u
max displacement            5.9 u
original HPWL            5763.7 u
legalized HPWL           6265.1 u
delta HPWL                    9 %

[INFO DPL-0020] Mirrored 177 instances
[INFO DPL-0021] HPWL before            6265.1 u
[INFO DPL-0022] HPWL after             5947.3 u
[INFO DPL-0023] HPWL delta               -5.1 %
Setting global connections for newly added cells…
Writing OpenROAD database to '/openlane/designs/spm/runs/openlane_test/tmp/cts/14-spm.resized.odb'…
Writing netlist to '/openlane/designs/spm/runs/openlane_test/tmp/cts/14-spm.resized.nl.v'…
Writing powered netlist to '/openlane/designs/spm/runs/openlane_test/tmp/cts/14-spm.resized.pnl.v'…
Writing layout to '/openlane/designs/spm/runs/openlane_test/tmp/cts/14-spm.resized.def'…
Writing timing constraints to '/openlane/designs/spm/runs/openlane_test/tmp/cts/14-spm.resized.sdc'…
area_report

===========================================================================
report_design_area
============================================================================
Design area 4101 u^2 50% utilization.
area_report_end
