OpenROAD 41a51eaf4ca2171c92ff38afb91eb37bbd3f36da 
This program is licensed under the BSD-3 license. See the LICENSE file for details.
Components of this program may be licensed under more restrictive licenses which must be honored.
Top-level design name: spm
Warning: Using min_distance 0.42 for #N pins to avoid overlap
Block boundaries: 0 0 101850 112570
Horizontal Tracks Origin: 340, Count: 165, Step: 680
Vertical Tracks Origin: 230, Count: 221, Step: 460
Placement details for the #N side
Virtual pin count:  0
Actual pin count:  32
Total pin count:  32
Tracks count:  221
Tracks per pin:  6
Used tracks count:  187
Unused track count:  34
Starting track index:  17
Placement Map:
[230, 690, 1150, 1610, 2070, 2530, 2990, 3450, 3910, 4370, 4830, 5290, 5750, 6210, 6670, 7130, 7590, [91m8050[0m, 8510, 8970, 9430, 9890, 10350, [91m10810[0m, 11270, 11730, 12190, 12650, 13110, [91m13570[0m, 14030, 14490, 14950, 15410, 15870, [91m16330[0m, 16790, 17250, 17710, 18170, 18630, [91m19090[0m, 19550, 20010, 20470, 20930, 21390, [91m21850[0m, 22310, 22770, 23230, 23690, 24150, [91m24610[0m, 25070, 25530, 25990, 26450, 26910, [91m27370[0m, 27830, 28290, 28750, 29210, 29670, [91m30130[0m, 30590, 31050, 31510, 31970, 32430, [91m32890[0m, 33350, 33810, 34270, 34730, 35190, [91m35650[0m, 36110, 36570, 37030, 37490, 37950, [91m38410[0m, 38870, 39330, 39790, 40250, 40710, [91m41170[0m, 41630, 42090, 42550, 43010, 43470, [91m43930[0m, 44390, 44850, 45310, 45770, 46230, [91m46690[0m, 47150, 47610, 48070, 48530, 48990, [91m49450[0m, 49910, 50370, 50830, 51290, 51750, [91m52210[0m, 52670, 53130, 53590, 54050, 54510, [91m54970[0m, 55430, 55890, 56350, 56810, 57270, [91m57730[0m, 58190, 58650, 59110, 59570, 60030, [91m60490[0m, 60950, 61410, 61870, 62330, 62790, [91m63250[0m, 63710, 64170, 64630, 65090, 65550, [91m66010[0m, 66470, 66930, 67390, 67850, 68310, [91m68770[0m, 69230, 69690, 70150, 70610, 71070, [91m71530[0m, 71990, 72450, 72910, 73370, 73830, [91m74290[0m, 74750, 75210, 75670, 76130, 76590, [91m77050[0m, 77510, 77970, 78430, 78890, 79350, [91m79810[0m, 80270, 80730, 81190, 81650, 82110, [91m82570[0m, 83030, 83490, 83950, 84410, 84870, [91m85330[0m, 85790, 86250, 86710, 87170, 87630, [91m88090[0m, 88550, 89010, 89470, 89930, 90390, [91m90850[0m, 91310, 91770, 92230, 92690, 93150, [91m93610[0m, 94070, 94530, 94990, 95450, 95910, 96370, 96830, 97290, 97750, 98210, 98670, 99130, 99590, 100050, 100510, 100970, 101430, ]
Indices of used tracks: [17, 23, 29, 35, 41, 47, 53, 59, 65, 71, 77, 83, 89, 95, 101, 107, 113, 119, 125, 131, 137, 143, 149, 155, 161, 167, 173, 179, 185, 191, 197, 203]
---
Placement details for the #E side
Virtual pin count:  0
Actual pin count:  1
Total pin count:  1
Tracks count:  83
Tracks per pin:  83
Used tracks count:  1
Unused track count:  82
Starting track index:  41
Placement Map:
[340, 1700, 3060, 4420, 5780, 7140, 8500, 9860, 11220, 12580, 13940, 15300, 16660, 18020, 19380, 20740, 22100, 23460, 24820, 26180, 27540, 28900, 30260, 31620, 32980, 34340, 35700, 37060, 38420, 39780, 41140, 42500, 43860, 45220, 46580, 47940, 49300, 50660, 52020, 53380, 54740, [91m56100[0m, 57460, 58820, 60180, 61540, 62900, 64260, 65620, 66980, 68340, 69700, 71060, 72420, 73780, 75140, 76500, 77860, 79220, 80580, 81940, 83300, 84660, 86020, 87380, 88740, 90100, 91460, 92820, 94180, 95540, 96900, 98260, 99620, 100980, 102340, 103700, 105060, 106420, 107780, 109140, 110500, 111860, ]
Indices of used tracks: [41]
---
Placement details for the #S side
Virtual pin count:  1
Actual pin count:  1
Total pin count:  2
Tracks count:  221
Tracks per pin:  110
Used tracks count:  111
Unused track count:  110
Starting track index:  55
Placement Map:
[230, 690, 1150, 1610, 2070, 2530, 2990, 3450, 3910, 4370, 4830, 5290, 5750, 6210, 6670, 7130, 7590, 8050, 8510, 8970, 9430, 9890, 10350, 10810, 11270, 11730, 12190, 12650, 13110, 13570, 14030, 14490, 14950, 15410, 15870, 16330, 16790, 17250, 17710, 18170, 18630, 19090, 19550, 20010, 20470, 20930, 21390, 21850, 22310, 22770, 23230, 23690, 24150, 24610, 25070, 25530, 25990, 26450, 26910, 27370, 27830, 28290, 28750, 29210, 29670, 30130, 30590, 31050, 31510, 31970, 32430, 32890, 33350, 33810, 34270, 34730, 35190, 35650, 36110, 36570, 37030, 37490, 37950, 38410, 38870, 39330, 39790, 40250, 40710, 41170, 41630, 42090, 42550, 43010, 43470, 43930, 44390, 44850, 45310, 45770, 46230, 46690, 47150, 47610, 48070, 48530, 48990, 49450, 49910, 50370, 50830, 51290, 51750, 52210, 52670, 53130, 53590, 54050, 54510, 54970, 55430, 55890, 56350, 56810, 57270, 57730, 58190, 58650, 59110, 59570, 60030, 60490, 60950, 61410, 61870, 62330, 62790, 63250, 63710, 64170, 64630, 65090, 65550, 66010, 66470, 66930, 67390, 67850, 68310, 68770, 69230, 69690, 70150, 70610, 71070, 71530, 71990, 72450, 72910, 73370, 73830, 74290, 74750, 75210, 75670, [91m76130[0m, 76590, 77050, 77510, 77970, 78430, 78890, 79350, 79810, 80270, 80730, 81190, 81650, 82110, 82570, 83030, 83490, 83950, 84410, 84870, 85330, 85790, 86250, 86710, 87170, 87630, 88090, 88550, 89010, 89470, 89930, 90390, 90850, 91310, 91770, 92230, 92690, 93150, 93610, 94070, 94530, 94990, 95450, 95910, 96370, 96830, 97290, 97750, 98210, 98670, 99130, 99590, 100050, 100510, 100970, 101430, ]
Indices of used tracks: [165]
---
Placement details for the #W side
Virtual pin count:  0
Actual pin count:  2
Total pin count:  2
Tracks count:  83
Tracks per pin:  41
Used tracks count:  42
Unused track count:  41
Starting track index:  20
Placement Map:
[340, 1700, 3060, 4420, 5780, 7140, 8500, 9860, 11220, 12580, 13940, 15300, 16660, 18020, 19380, 20740, 22100, 23460, 24820, 26180, [91m27540[0m, 28900, 30260, 31620, 32980, 34340, 35700, 37060, 38420, 39780, 41140, 42500, 43860, 45220, 46580, 47940, 49300, 50660, 52020, 53380, 54740, 56100, 57460, 58820, 60180, 61540, 62900, 64260, 65620, 66980, 68340, 69700, 71060, 72420, 73780, 75140, 76500, 77860, 79220, 80580, 81940, [91m83300[0m, 84660, 86020, 87380, 88740, 90100, 91460, 92820, 94180, 95540, 96900, 98260, 99620, 100980, 102340, 103700, 105060, 106420, 107780, 109140, 110500, 111860, ]
Indices of used tracks: [20, 61]
---
